<?xml version="1.0" encoding="UTF-8" ?>
<testsuite errors="14" failures="0" hostname="LAPTOP-1UBMJ23I" name="com.ibatis.jpetstore.presentation.OrderBeanTest" skipped="0" tests="14" time="0.182" timestamp="2016-07-09T07:10:48">
  <properties>
[...]
</properties>
  <testcase classname="com.ibatis.jpetstore.presentation.OrderBeanTest" name="testShouldFailToViewOrderDueToMismatchedUsername" time="0.016">
    <error message="Illegal local variable table length 5 in method com.ibatis.jpetstore.presentation.AbstractBean.&lt;init&gt;()V" type="java.lang.ClassFormatError">java.lang.ClassFormatError: Illegal local variable table length 5 in method com.ibatis.jpetstore.presentation.AbstractBean.&lt;init&gt;()V
	at com.ibatis.jpetstore.presentation.OrderBeanTest.testShouldFailToViewOrderDueToMismatchedUsername(OrderBeanTest.java:121)
	at org.jmock.core.VerifyingTestCase.runBare(Unknown Source)
</error>
  </testcase>
  <testcase classname="com.ibatis.jpetstore.presentation.OrderBeanTest" name="testShouldConfirmationBeforeNewOrder" time="0.116">
    <error message="Expecting a stackmap frame at branch target 11&#xa;Exception Details:&#xa;  Location:&#xa;    com/ibatis/jpetstore/service/AccountService.&lt;init&gt;()V @4: ifnonnull&#xa;  Reason:&#xa;    Expected stackmap frame at this location.&#xa;  Bytecode:&#xa;    0x0000000: b200 3c59 c700 0757 b800 4603 324d 2ab7&#xa;    0x0000010: 0001 b800 024c 2a2b 1203 b900 0402 00c0&#xa;    0x0000020: 0003 b500 052c 0304 54b1               &#xa;" type="java.lang.VerifyError">java.lang.VerifyError: Expecting a stackmap frame at branch target 11
Exception Details:
  Location:
    com/ibatis/jpetstore/service/AccountService.&lt;init&gt;()V @4: ifnonnull
  Reason:
    Expected stackmap frame at this location.
  Bytecode:
    0x0000000: b200 3c59 c700 0757 b800 4603 324d 2ab7
    0x0000010: 0001 b800 024c 2a2b 1203 b900 0402 00c0
    0x0000020: 0003 b500 052c 0304 54b1               

	at java.lang.Class.getDeclaredConstructors0(Native Method)
	at java.lang.Class.privateGetDeclaredConstructors(Class.java:2671)
	at java.lang.Class.getDeclaredConstructors(Class.java:2020)
	at net.sf.cglib.proxy.Enhancer.generateClass(Enhancer.java:447)
	at net.sf.cglib.core.DefaultGeneratorStrategy.generate(DefaultGeneratorStrategy.java:25)
	at net.sf.cglib.core.AbstractClassGenerator.create(AbstractClassGenerator.java:216)
	at net.sf.cglib.proxy.Enhancer.createHelper(Enhancer.java:377)
	at net.sf.cglib.proxy.Enhancer.create(Enhancer.java:285)
	at net.sf.cglib.proxy.Enhancer.create(Enhancer.java:660)
	at org.jmock.cglib.CGLIBCoreMock.&lt;init&gt;(Unknown Source)
	at org.jmock.cglib.CGLIBCoreMock.&lt;init&gt;(Unknown Source)
	at org.jmock.cglib.MockObjectTestCase.newCoreMock(Unknown Source)
	at org.jmock.MockObjectTestCase.mock(Unknown Source)
	at org.jmock.MockObjectTestCase.mock(Unknown Source)
	at com.ibatis.jpetstore.presentation.OrderBeanTest.testShouldConfirmationBeforeNewOrder(OrderBeanTest.java:205)
	at org.jmock.core.VerifyingTestCase.runBare(Unknown Source)
</error>
  </testcase>
  <testcase classname="com.ibatis.jpetstore.presentation.OrderBeanTest" name="testShouldRequireShippingAddressBeforeNewOrder" time="0.0">
    <error message="Expecting a stackmap frame at branch target 11&#xa;Exception Details:&#xa;  Location:&#xa;    com/ibatis/jpetstore/service/AccountService.&lt;init&gt;()V @4: ifnonnull&#xa;  Reason:&#xa;    Expected stackmap frame at this location.&#xa;  Bytecode:&#xa;    0x0000000: b200 3c59 c700 0757 b800 4603 324d 2ab7&#xa;    0x0000010: 0001 b800 024c 2a2b 1203 b900 0402 00c0&#xa;    0x0000020: 0003 b500 052c 0304 54b1               &#xa;" type="java.lang.VerifyError">java.lang.VerifyError: Expecting a stackmap frame at branch target 11
Exception Details:
  Location:
    com/ibatis/jpetstore/service/AccountService.&lt;init&gt;()V @4: ifnonnull
  Reason:
    Expected stackmap frame at this location.
  Bytecode:
    0x0000000: b200 3c59 c700 0757 b800 4603 324d 2ab7
    0x0000010: 0001 b800 024c 2a2b 1203 b900 0402 00c0
    0x0000020: 0003 b500 052c 0304 54b1               

	at java.lang.Class.getDeclaredConstructors0(Native Method)
	at java.lang.Class.privateGetDeclaredConstructors(Class.java:2671)
	at java.lang.Class.getDeclaredConstructors(Class.java:2020)
	at net.sf.cglib.proxy.Enhancer.generateClass(Enhancer.java:447)
	at net.sf.cglib.core.DefaultGeneratorStrategy.generate(DefaultGeneratorStrategy.java:25)
	at net.sf.cglib.core.AbstractClassGenerator.create(AbstractClassGenerator.java:216)
	at net.sf.cglib.proxy.Enhancer.createHelper(Enhancer.java:377)
	at net.sf.cglib.proxy.Enhancer.create(Enhancer.java:285)
	at net.sf.cglib.proxy.Enhancer.create(Enhancer.java:660)
	at org.jmock.cglib.CGLIBCoreMock.&lt;init&gt;(Unknown Source)
	at org.jmock.cglib.CGLIBCoreMock.&lt;init&gt;(Unknown Source)
	at org.jmock.cglib.MockObjectTestCase.newCoreMock(Unknown Source)
	at org.jmock.MockObjectTestCase.mock(Unknown Source)
	at org.jmock.MockObjectTestCase.mock(Unknown Source)
	at com.ibatis.jpetstore.presentation.OrderBeanTest.testShouldRequireShippingAddressBeforeNewOrder(OrderBeanTest.java:197)
	at org.jmock.core.VerifyingTestCase.runBare(Unknown Source)
</error>
  </testcase>
  <testcase classname="com.ibatis.jpetstore.presentation.OrderBeanTest" name="testShouldSuccessfullyCreateNewOrder" time="0.0">
    <error message="Illegal local variable table length 5 in method com.ibatis.jpetstore.presentation.AbstractBean.&lt;init&gt;()V" type="java.lang.ClassFormatError">java.lang.ClassFormatError: Illegal local variable table length 5 in method com.ibatis.jpetstore.presentation.AbstractBean.&lt;init&gt;()V
	at com.ibatis.jpetstore.presentation.OrderBeanTest.testShouldSuccessfullyCreateNewOrder(OrderBeanTest.java:223)
	at org.jmock.core.VerifyingTestCase.runBare(Unknown Source)
</error>
  </testcase>
  <testcase classname="com.ibatis.jpetstore.presentation.OrderBeanTest" name="testShouldFaileDueToMissingNewOrder" time="0.0">
    <error message="Expecting a stackmap frame at branch target 11&#xa;Exception Details:&#xa;  Location:&#xa;    com/ibatis/jpetstore/service/AccountService.&lt;init&gt;()V @4: ifnonnull&#xa;  Reason:&#xa;    Expected stackmap frame at this location.&#xa;  Bytecode:&#xa;    0x0000000: b200 3c59 c700 0757 b800 4603 324d 2ab7&#xa;    0x0000010: 0001 b800 024c 2a2b 1203 b900 0402 00c0&#xa;    0x0000020: 0003 b500 052c 0304 54b1               &#xa;" type="java.lang.VerifyError">java.lang.VerifyError: Expecting a stackmap frame at branch target 11
Exception Details:
  Location:
    com/ibatis/jpetstore/service/AccountService.&lt;init&gt;()V @4: ifnonnull
  Reason:
    Expected stackmap frame at this location.
  Bytecode:
    0x0000000: b200 3c59 c700 0757 b800 4603 324d 2ab7
    0x0000010: 0001 b800 024c 2a2b 1203 b900 0402 00c0
    0x0000020: 0003 b500 052c 0304 54b1               

	at java.lang.Class.getDeclaredConstructors0(Native Method)
	at java.lang.Class.privateGetDeclaredConstructors(Class.java:2671)
	at java.lang.Class.getDeclaredConstructors(Class.java:2020)
	at net.sf.cglib.proxy.Enhancer.generateClass(Enhancer.java:447)
	at net.sf.cglib.core.DefaultGeneratorStrategy.generate(DefaultGeneratorStrategy.java:25)
	at net.sf.cglib.core.AbstractClassGenerator.create(AbstractClassGenerator.java:216)
	at net.sf.cglib.proxy.Enhancer.createHelper(Enhancer.java:377)
	at net.sf.cglib.proxy.Enhancer.create(Enhancer.java:285)
	at net.sf.cglib.proxy.Enhancer.create(Enhancer.java:660)
	at org.jmock.cglib.CGLIBCoreMock.&lt;init&gt;(Unknown Source)
	at org.jmock.cglib.CGLIBCoreMock.&lt;init&gt;(Unknown Source)
	at org.jmock.cglib.MockObjectTestCase.newCoreMock(Unknown Source)
	at org.jmock.MockObjectTestCase.mock(Unknown Source)
	at org.jmock.MockObjectTestCase.mock(Unknown Source)
	at com.ibatis.jpetstore.presentation.OrderBeanTest.testShouldFaileDueToMissingNewOrder(OrderBeanTest.java:213)
	at org.jmock.core.VerifyingTestCase.runBare(Unknown Source)
</error>
  </testcase>
  <testcase classname="com.ibatis.jpetstore.presentation.OrderBeanTest" name="testShouldForceSignonWhenAttemptingToCreateANewOrderWithoutBeingSignedIn" time="0.0">
    <error message="Expecting a stackmap frame at branch target 11&#xa;Exception Details:&#xa;  Location:&#xa;    com/ibatis/jpetstore/service/AccountService.&lt;init&gt;()V @4: ifnonnull&#xa;  Reason:&#xa;    Expected stackmap frame at this location.&#xa;  Bytecode:&#xa;    0x0000000: b200 3c59 c700 0757 b800 4603 324d 2ab7&#xa;    0x0000010: 0001 b800 024c 2a2b 1203 b900 0402 00c0&#xa;    0x0000020: 0003 b500 052c 0304 54b1               &#xa;" type="java.lang.VerifyError">java.lang.VerifyError: Expecting a stackmap frame at branch target 11
Exception Details:
  Location:
    com/ibatis/jpetstore/service/AccountService.&lt;init&gt;()V @4: ifnonnull
  Reason:
    Expected stackmap frame at this location.
  Bytecode:
    0x0000000: b200 3c59 c700 0757 b800 4603 324d 2ab7
    0x0000010: 0001 b800 024c 2a2b 1203 b900 0402 00c0
    0x0000020: 0003 b500 052c 0304 54b1               

	at java.lang.Class.getDeclaredConstructors0(Native Method)
	at java.lang.Class.privateGetDeclaredConstructors(Class.java:2671)
	at java.lang.Class.getDeclaredConstructors(Class.java:2020)
	at net.sf.cglib.proxy.Enhancer.generateClass(Enhancer.java:447)
	at net.sf.cglib.core.DefaultGeneratorStrategy.generate(DefaultGeneratorStrategy.java:25)
	at net.sf.cglib.core.AbstractClassGenerator.create(AbstractClassGenerator.java:216)
	at net.sf.cglib.proxy.Enhancer.createHelper(Enhancer.java:377)
	at net.sf.cglib.proxy.Enhancer.create(Enhancer.java:285)
	at net.sf.cglib.proxy.Enhancer.create(Enhancer.java:660)
	at org.jmock.cglib.CGLIBCoreMock.&lt;init&gt;(Unknown Source)
	at org.jmock.cglib.CGLIBCoreMock.&lt;init&gt;(Unknown Source)
	at org.jmock.cglib.MockObjectTestCase.newCoreMock(Unknown Source)
	at org.jmock.MockObjectTestCase.mock(Unknown Source)
	at org.jmock.MockObjectTestCase.mock(Unknown Source)
	at com.ibatis.jpetstore.presentation.OrderBeanTest.testShouldForceSignonWhenAttemptingToCreateANewOrderWithoutBeingSignedIn(OrderBeanTest.java:140)
	at org.jmock.core.VerifyingTestCase.runBare(Unknown Source)
</error>
  </testcase>
  <testcase classname="com.ibatis.jpetstore.presentation.OrderBeanTest" name="testListListOrdersByUsername" time="0.0">
    <error message="Expecting a stackmap frame at branch target 11&#xa;Exception Details:&#xa;  Location:&#xa;    com/ibatis/jpetstore/service/AccountService.&lt;init&gt;()V @4: ifnonnull&#xa;  Reason:&#xa;    Expected stackmap frame at this location.&#xa;  Bytecode:&#xa;    0x0000000: b200 3c59 c700 0757 b800 4603 324d 2ab7&#xa;    0x0000010: 0001 b800 024c 2a2b 1203 b900 0402 00c0&#xa;    0x0000020: 0003 b500 052c 0304 54b1               &#xa;" type="java.lang.VerifyError">java.lang.VerifyError: Expecting a stackmap frame at branch target 11
Exception Details:
  Location:
    com/ibatis/jpetstore/service/AccountService.&lt;init&gt;()V @4: ifnonnull
  Reason:
    Expected stackmap frame at this location.
  Bytecode:
    0x0000000: b200 3c59 c700 0757 b800 4603 324d 2ab7
    0x0000010: 0001 b800 024c 2a2b 1203 b900 0402 00c0
    0x0000020: 0003 b500 052c 0304 54b1               

	at java.lang.Class.getDeclaredConstructors0(Native Method)
	at java.lang.Class.privateGetDeclaredConstructors(Class.java:2671)
	at java.lang.Class.getDeclaredConstructors(Class.java:2020)
	at net.sf.cglib.proxy.Enhancer.generateClass(Enhancer.java:447)
	at net.sf.cglib.core.DefaultGeneratorStrategy.generate(DefaultGeneratorStrategy.java:25)
	at net.sf.cglib.core.AbstractClassGenerator.create(AbstractClassGenerator.java:216)
	at net.sf.cglib.proxy.Enhancer.createHelper(Enhancer.java:377)
	at net.sf.cglib.proxy.Enhancer.create(Enhancer.java:285)
	at net.sf.cglib.proxy.Enhancer.create(Enhancer.java:660)
	at org.jmock.cglib.CGLIBCoreMock.&lt;init&gt;(Unknown Source)
	at org.jmock.cglib.CGLIBCoreMock.&lt;init&gt;(Unknown Source)
	at org.jmock.cglib.MockObjectTestCase.newCoreMock(Unknown Source)
	at org.jmock.MockObjectTestCase.mock(Unknown Source)
	at org.jmock.MockObjectTestCase.mock(Unknown Source)
	at com.ibatis.jpetstore.presentation.OrderBeanTest.testListListOrdersByUsername(OrderBeanTest.java:28)
	at org.jmock.core.VerifyingTestCase.runBare(Unknown Source)
</error>
  </testcase>
  <testcase classname="com.ibatis.jpetstore.presentation.OrderBeanTest" name="testShouldFailDueToAMissingCart" time="0.0">
    <error message="Illegal local variable table length 5 in method com.ibatis.jpetstore.domain.Account.&lt;init&gt;()V" type="java.lang.ClassFormatError">java.lang.ClassFormatError: Illegal local variable table length 5 in method com.ibatis.jpetstore.domain.Account.&lt;init&gt;()V
	at com.ibatis.jpetstore.domain.DomainFixture.newTestAccount(DomainFixture.java:9)
	at com.ibatis.jpetstore.presentation.OrderBeanTest.testShouldFailDueToAMissingCart(OrderBeanTest.java:147)
	at org.jmock.core.VerifyingTestCase.runBare(Unknown Source)
</error>
  </testcase>
  <testcase classname="com.ibatis.jpetstore.presentation.OrderBeanTest" name="testSuccessfullyViewCart" time="0.0">
    <error message="Illegal local variable table length 5 in method com.ibatis.jpetstore.domain.Account.&lt;init&gt;()V" type="java.lang.ClassFormatError">java.lang.ClassFormatError: Illegal local variable table length 5 in method com.ibatis.jpetstore.domain.Account.&lt;init&gt;()V
	at com.ibatis.jpetstore.domain.DomainFixture.newTestAccount(DomainFixture.java:9)
	at com.ibatis.jpetstore.presentation.OrderBeanTest.testSuccessfullyViewCart(OrderBeanTest.java:171)
	at org.jmock.core.VerifyingTestCase.runBare(Unknown Source)
</error>
  </testcase>
  <testcase classname="com.ibatis.jpetstore.presentation.OrderBeanTest" name="testShouldClearAllFields" time="0.0">
    <error message="Expecting a stackmap frame at branch target 11&#xa;Exception Details:&#xa;  Location:&#xa;    com/ibatis/jpetstore/service/AccountService.&lt;init&gt;()V @4: ifnonnull&#xa;  Reason:&#xa;    Expected stackmap frame at this location.&#xa;  Bytecode:&#xa;    0x0000000: b200 3c59 c700 0757 b800 4603 324d 2ab7&#xa;    0x0000010: 0001 b800 024c 2a2b 1203 b900 0402 00c0&#xa;    0x0000020: 0003 b500 052c 0304 54b1               &#xa;" type="java.lang.VerifyError">java.lang.VerifyError: Expecting a stackmap frame at branch target 11
Exception Details:
  Location:
    com/ibatis/jpetstore/service/AccountService.&lt;init&gt;()V @4: ifnonnull
  Reason:
    Expected stackmap frame at this location.
  Bytecode:
    0x0000000: b200 3c59 c700 0757 b800 4603 324d 2ab7
    0x0000010: 0001 b800 024c 2a2b 1203 b900 0402 00c0
    0x0000020: 0003 b500 052c 0304 54b1               

	at java.lang.Class.getDeclaredConstructors0(Native Method)
	at java.lang.Class.privateGetDeclaredConstructors(Class.java:2671)
	at java.lang.Class.getDeclaredConstructors(Class.java:2020)
	at net.sf.cglib.proxy.Enhancer.generateClass(Enhancer.java:447)
	at net.sf.cglib.core.DefaultGeneratorStrategy.generate(DefaultGeneratorStrategy.java:25)
	at net.sf.cglib.core.AbstractClassGenerator.create(AbstractClassGenerator.java:216)
	at net.sf.cglib.proxy.Enhancer.createHelper(Enhancer.java:377)
	at net.sf.cglib.proxy.Enhancer.create(Enhancer.java:285)
	at net.sf.cglib.proxy.Enhancer.create(Enhancer.java:660)
	at org.jmock.cglib.CGLIBCoreMock.&lt;init&gt;(Unknown Source)
	at org.jmock.cglib.CGLIBCoreMock.&lt;init&gt;(Unknown Source)
	at org.jmock.cglib.MockObjectTestCase.newCoreMock(Unknown Source)
	at org.jmock.MockObjectTestCase.mock(Unknown Source)
	at org.jmock.MockObjectTestCase.mock(Unknown Source)
	at com.ibatis.jpetstore.presentation.OrderBeanTest.testShouldClearAllFields(OrderBeanTest.java:82)
	at org.jmock.core.VerifyingTestCase.runBare(Unknown Source)
</error>
  </testcase>
  <testcase classname="com.ibatis.jpetstore.presentation.OrderBeanTest" name="testShouldGetCardTypes" time="0.0">
    <error message="Expecting a stackmap frame at branch target 11&#xa;Exception Details:&#xa;  Location:&#xa;    com/ibatis/jpetstore/service/AccountService.&lt;init&gt;()V @4: ifnonnull&#xa;  Reason:&#xa;    Expected stackmap frame at this location.&#xa;  Bytecode:&#xa;    0x0000000: b200 3c59 c700 0757 b800 4603 324d 2ab7&#xa;    0x0000010: 0001 b800 024c 2a2b 1203 b900 0402 00c0&#xa;    0x0000020: 0003 b500 052c 0304 54b1               &#xa;" type="java.lang.VerifyError">java.lang.VerifyError: Expecting a stackmap frame at branch target 11
Exception Details:
  Location:
    com/ibatis/jpetstore/service/AccountService.&lt;init&gt;()V @4: ifnonnull
  Reason:
    Expected stackmap frame at this location.
  Bytecode:
    0x0000000: b200 3c59 c700 0757 b800 4603 324d 2ab7
    0x0000010: 0001 b800 024c 2a2b 1203 b900 0402 00c0
    0x0000020: 0003 b500 052c 0304 54b1               

	at java.lang.Class.getDeclaredConstructors0(Native Method)
	at java.lang.Class.privateGetDeclaredConstructors(Class.java:2671)
	at java.lang.Class.getDeclaredConstructors(Class.java:2020)
	at net.sf.cglib.proxy.Enhancer.generateClass(Enhancer.java:447)
	at net.sf.cglib.core.DefaultGeneratorStrategy.generate(DefaultGeneratorStrategy.java:25)
	at net.sf.cglib.core.AbstractClassGenerator.create(AbstractClassGenerator.java:216)
	at net.sf.cglib.proxy.Enhancer.createHelper(Enhancer.java:377)
	at net.sf.cglib.proxy.Enhancer.create(Enhancer.java:285)
	at net.sf.cglib.proxy.Enhancer.create(Enhancer.java:660)
	at org.jmock.cglib.CGLIBCoreMock.&lt;init&gt;(Unknown Source)
	at org.jmock.cglib.CGLIBCoreMock.&lt;init&gt;(Unknown Source)
	at org.jmock.cglib.MockObjectTestCase.newCoreMock(Unknown Source)
	at org.jmock.MockObjectTestCase.mock(Unknown Source)
	at org.jmock.MockObjectTestCase.mock(Unknown Source)
	at com.ibatis.jpetstore.presentation.OrderBeanTest.testShouldGetCardTypes(OrderBeanTest.java:20)
	at org.jmock.core.VerifyingTestCase.runBare(Unknown Source)
</error>
  </testcase>
  <testcase classname="com.ibatis.jpetstore.presentation.OrderBeanTest" name="testShouldSuccessfullyViewOrder" time="0.0">
    <error message="Illegal local variable table length 5 in method com.ibatis.jpetstore.presentation.AbstractBean.&lt;init&gt;()V" type="java.lang.ClassFormatError">java.lang.ClassFormatError: Illegal local variable table length 5 in method com.ibatis.jpetstore.presentation.AbstractBean.&lt;init&gt;()V
	at com.ibatis.jpetstore.presentation.OrderBeanTest.testShouldSuccessfullyViewOrder(OrderBeanTest.java:101)
	at org.jmock.core.VerifyingTestCase.runBare(Unknown Source)
</error>
  </testcase>
  <testcase classname="com.ibatis.jpetstore.presentation.OrderBeanTest" name="testShouldSwitchOrderListPagesBackAndForth" time="0.0">
    <error message="Expecting a stackmap frame at branch target 11&#xa;Exception Details:&#xa;  Location:&#xa;    com/ibatis/jpetstore/service/AccountService.&lt;init&gt;()V @4: ifnonnull&#xa;  Reason:&#xa;    Expected stackmap frame at this location.&#xa;  Bytecode:&#xa;    0x0000000: b200 3c59 c700 0757 b800 4603 324d 2ab7&#xa;    0x0000010: 0001 b800 024c 2a2b 1203 b900 0402 00c0&#xa;    0x0000020: 0003 b500 052c 0304 54b1               &#xa;" type="java.lang.VerifyError">java.lang.VerifyError: Expecting a stackmap frame at branch target 11
Exception Details:
  Location:
    com/ibatis/jpetstore/service/AccountService.&lt;init&gt;()V @4: ifnonnull
  Reason:
    Expected stackmap frame at this location.
  Bytecode:
    0x0000000: b200 3c59 c700 0757 b800 4603 324d 2ab7
    0x0000010: 0001 b800 024c 2a2b 1203 b900 0402 00c0
    0x0000020: 0003 b500 052c 0304 54b1               

	at java.lang.Class.getDeclaredConstructors0(Native Method)
	at java.lang.Class.privateGetDeclaredConstructors(Class.java:2671)
	at java.lang.Class.getDeclaredConstructors(Class.java:2020)
	at net.sf.cglib.proxy.Enhancer.generateClass(Enhancer.java:447)
	at net.sf.cglib.core.DefaultGeneratorStrategy.generate(DefaultGeneratorStrategy.java:25)
	at net.sf.cglib.core.AbstractClassGenerator.create(AbstractClassGenerator.java:216)
	at net.sf.cglib.proxy.Enhancer.createHelper(Enhancer.java:377)
	at net.sf.cglib.proxy.Enhancer.create(Enhancer.java:285)
	at net.sf.cglib.proxy.Enhancer.create(Enhancer.java:660)
	at org.jmock.cglib.CGLIBCoreMock.&lt;init&gt;(Unknown Source)
	at org.jmock.cglib.CGLIBCoreMock.&lt;init&gt;(Unknown Source)
	at org.jmock.cglib.MockObjectTestCase.newCoreMock(Unknown Source)
	at org.jmock.MockObjectTestCase.mock(Unknown Source)
	at org.jmock.MockObjectTestCase.mock(Unknown Source)
	at com.ibatis.jpetstore.presentation.OrderBeanTest.testShouldSwitchOrderListPagesBackAndForth(OrderBeanTest.java:48)
	at org.jmock.core.VerifyingTestCase.runBare(Unknown Source)
</error>
  </testcase>
  <testcase classname="com.ibatis.jpetstore.presentation.OrderBeanTest" name="testShouldResetShippingAddressRequirement" time="0.0">
    <error message="Expecting a stackmap frame at branch target 11&#xa;Exception Details:&#xa;  Location:&#xa;    com/ibatis/jpetstore/service/AccountService.&lt;init&gt;()V @4: ifnonnull&#xa;  Reason:&#xa;    Expected stackmap frame at this location.&#xa;  Bytecode:&#xa;    0x0000000: b200 3c59 c700 0757 b800 4603 324d 2ab7&#xa;    0x0000010: 0001 b800 024c 2a2b 1203 b900 0402 00c0&#xa;    0x0000020: 0003 b500 052c 0304 54b1               &#xa;" type="java.lang.VerifyError">java.lang.VerifyError: Expecting a stackmap frame at branch target 11
Exception Details:
  Location:
    com/ibatis/jpetstore/service/AccountService.&lt;init&gt;()V @4: ifnonnull
  Reason:
    Expected stackmap frame at this location.
  Bytecode:
    0x0000000: b200 3c59 c700 0757 b800 4603 324d 2ab7
    0x0000010: 0001 b800 024c 2a2b 1203 b900 0402 00c0
    0x0000020: 0003 b500 052c 0304 54b1               

	at java.lang.Class.getDeclaredConstructors0(Native Method)
	at java.lang.Class.privateGetDeclaredConstructors(Class.java:2671)
	at java.lang.Class.getDeclaredConstructors(Class.java:2020)
	at net.sf.cglib.proxy.Enhancer.generateClass(Enhancer.java:447)
	at net.sf.cglib.core.DefaultGeneratorStrategy.generate(DefaultGeneratorStrategy.java:25)
	at net.sf.cglib.core.AbstractClassGenerator.create(AbstractClassGenerator.java:216)
	at net.sf.cglib.proxy.Enhancer.createHelper(Enhancer.java:377)
	at net.sf.cglib.proxy.Enhancer.create(Enhancer.java:285)
	at net.sf.cglib.proxy.Enhancer.create(Enhancer.java:660)
	at org.jmock.cglib.CGLIBCoreMock.&lt;init&gt;(Unknown Source)
	at org.jmock.cglib.CGLIBCoreMock.&lt;init&gt;(Unknown Source)
	at org.jmock.cglib.MockObjectTestCase.newCoreMock(Unknown Source)
	at org.jmock.MockObjectTestCase.mock(Unknown Source)
	at org.jmock.MockObjectTestCase.mock(Unknown Source)
	at com.ibatis.jpetstore.presentation.OrderBeanTest.testShouldResetShippingAddressRequirement(OrderBeanTest.java:73)
	at org.jmock.core.VerifyingTestCase.runBare(Unknown Source)
</error>
  </testcase>
  <system-out><![CDATA[]]></system-out>
  <system-err><![CDATA[]]></system-err>
</testsuite>
