<?xml version="1.0" encoding="UTF-8" ?>
<testsuite errors="0" failures="2" hostname="LAPTOP-1UBMJ23I" name="com.ibatis.jpetstore.persistence.SequenceDaoTest" skipped="0" tests="2" time="0.08" timestamp="2016-07-09T07:10:46">
  <properties>
[...]
</properties>
  <testcase classname="junit.framework.TestSuite$1" name="warning" time="0.0">
    <failure message="Exception in constructor: testSequenceShouldReturnIncrementalIdNumbers (java.lang.ClassFormatError: Illegal local variable table length 5 in method com.ibatis.jpetstore.persistence.DaoConfig.&lt;init&gt;()V&#xd;&#xa;&#x9;at com.ibatis.jpetstore.persistence.PersistenceFixture.&lt;clinit&gt;(PersistenceFixture.java:27)&#xd;&#xa;&#x9;at com.ibatis.jpetstore.persistence.BasePersistenceTest.&lt;init&gt;(BasePersistenceTest.java:7)&#xd;&#xa;&#x9;at com.ibatis.jpetstore.persistence.SequenceDaoTest.&lt;init&gt;(SequenceDaoTest.java:5)&#xd;&#xa;&#x9;at sun.reflect.NativeConstructorAccessorImpl.newInstance0(Native Method)&#xd;&#xa;&#x9;at sun.reflect.NativeConstructorAccessorImpl.newInstance(NativeConstructorAccessorImpl.java:62)&#xd;&#xa;&#x9;at sun.reflect.DelegatingConstructorAccessorImpl.newInstance(DelegatingConstructorAccessorImpl.java:45)&#xd;&#xa;&#x9;at java.lang.reflect.Constructor.newInstance(Constructor.java:423)&#xd;&#xa;&#x9;at junit.framework.TestSuite.createTest(TestSuite.java:61)&#xd;&#xa;&#x9;at junit.framework.TestSuite.addTestMethod(TestSuite.java:283)&#xd;&#xa;&#x9;at junit.framework.TestSuite.&lt;init&gt;(TestSuite.java:146)&#xd;&#xa;&#x9;at org.apache.tools.ant.taskdefs.optional.junit.JUnitTestRunner.run(JUnitTestRunner.java:497)&#xd;&#xa;&#x9;at org.apache.tools.ant.taskdefs.optional.junit.JUnitTestRunner.launch(JUnitTestRunner.java:1179)&#xd;&#xa;&#x9;at org.apache.tools.ant.taskdefs.optional.junit.JUnitTestRunner.main(JUnitTestRunner.java:1030)&#xd;&#xa;)" type="junit.framework.AssertionFailedError">junit.framework.AssertionFailedError: Exception in constructor: testSequenceShouldReturnIncrementalIdNumbers (java.lang.ClassFormatError: Illegal local variable table length 5 in method com.ibatis.jpetstore.persistence.DaoConfig.&lt;init&gt;()V
	at com.ibatis.jpetstore.persistence.PersistenceFixture.&lt;clinit&gt;(PersistenceFixture.java:27)
	at com.ibatis.jpetstore.persistence.BasePersistenceTest.&lt;init&gt;(BasePersistenceTest.java:7)
	at com.ibatis.jpetstore.persistence.SequenceDaoTest.&lt;init&gt;(SequenceDaoTest.java:5)
	at java.lang.reflect.Constructor.newInstance(Constructor.java:423)
)
</failure>
  </testcase>
  <testcase classname="junit.framework.TestSuite$1" name="warning" time="0.018">
    <failure message="Exception in constructor: testDummy (java.lang.NoClassDefFoundError: Could not initialize class com.ibatis.jpetstore.persistence.PersistenceFixture&#xd;&#xa;&#x9;at com.ibatis.jpetstore.persistence.BasePersistenceTest.&lt;init&gt;(BasePersistenceTest.java:7)&#xd;&#xa;&#x9;at com.ibatis.jpetstore.persistence.SequenceDaoTest.&lt;init&gt;(SequenceDaoTest.java:5)&#xd;&#xa;&#x9;at sun.reflect.NativeConstructorAccessorImpl.newInstance0(Native Method)&#xd;&#xa;&#x9;at sun.reflect.NativeConstructorAccessorImpl.newInstance(NativeConstructorAccessorImpl.java:62)&#xd;&#xa;&#x9;at sun.reflect.DelegatingConstructorAccessorImpl.newInstance(DelegatingConstructorAccessorImpl.java:45)&#xd;&#xa;&#x9;at java.lang.reflect.Constructor.newInstance(Constructor.java:423)&#xd;&#xa;&#x9;at junit.framework.TestSuite.createTest(TestSuite.java:61)&#xd;&#xa;&#x9;at junit.framework.TestSuite.addTestMethod(TestSuite.java:283)&#xd;&#xa;&#x9;at junit.framework.TestSuite.&lt;init&gt;(TestSuite.java:146)&#xd;&#xa;&#x9;at org.apache.tools.ant.taskdefs.optional.junit.JUnitTestRunner.run(JUnitTestRunner.java:497)&#xd;&#xa;&#x9;at org.apache.tools.ant.taskdefs.optional.junit.JUnitTestRunner.launch(JUnitTestRunner.java:1179)&#xd;&#xa;&#x9;at org.apache.tools.ant.taskdefs.optional.junit.JUnitTestRunner.main(JUnitTestRunner.java:1030)&#xd;&#xa;)" type="junit.framework.AssertionFailedError">junit.framework.AssertionFailedError: Exception in constructor: testDummy (java.lang.NoClassDefFoundError: Could not initialize class com.ibatis.jpetstore.persistence.PersistenceFixture
	at com.ibatis.jpetstore.persistence.BasePersistenceTest.&lt;init&gt;(BasePersistenceTest.java:7)
	at com.ibatis.jpetstore.persistence.SequenceDaoTest.&lt;init&gt;(SequenceDaoTest.java:5)
	at java.lang.reflect.Constructor.newInstance(Constructor.java:423)
)
</failure>
  </testcase>
  <system-out><![CDATA[]]></system-out>
  <system-err><![CDATA[]]></system-err>
</testsuite>
