<?xml version="1.0" encoding="UTF-8" ?>
<testsuite errors="7" failures="0" hostname="LAPTOP-1UBMJ23I" name="com.ibatis.jpetstore.presentation.CartBeanTest" skipped="0" tests="7" time="0.182" timestamp="2016-07-09T07:10:47">
  <properties>
[...]
</properties>
  <testcase classname="com.ibatis.jpetstore.presentation.CartBeanTest" name="testShouldRemoveItemFromCart" time="0.116">
    <error message="Expecting a stackmap frame at branch target 11&#xa;Exception Details:&#xa;  Location:&#xa;    com/ibatis/jpetstore/service/CatalogService.&lt;init&gt;()V @4: ifnonnull&#xa;  Reason:&#xa;    Expected stackmap frame at this location.&#xa;  Bytecode:&#xa;    0x0000000: b200 5859 c700 0757 b800 6203 324d 2ab7&#xa;    0x0000010: 0001 b800 024c 2a2b 1203 b900 0402 00c0&#xa;    0x0000020: 0003 b500 052a 2b12 06b9 0004 0200 c000&#xa;    0x0000030: 06b5 0007 2a2b 1208 b900 0402 00c0 0008&#xa;    0x0000040: b500 092c 0304 54b1                    &#xa;" type="java.lang.VerifyError">java.lang.VerifyError: Expecting a stackmap frame at branch target 11
Exception Details:
  Location:
    com/ibatis/jpetstore/service/CatalogService.&lt;init&gt;()V @4: ifnonnull
  Reason:
    Expected stackmap frame at this location.
  Bytecode:
    0x0000000: b200 5859 c700 0757 b800 6203 324d 2ab7
    0x0000010: 0001 b800 024c 2a2b 1203 b900 0402 00c0
    0x0000020: 0003 b500 052a 2b12 06b9 0004 0200 c000
    0x0000030: 06b5 0007 2a2b 1208 b900 0402 00c0 0008
    0x0000040: b500 092c 0304 54b1                    

	at java.lang.Class.getDeclaredConstructors0(Native Method)
	at java.lang.Class.privateGetDeclaredConstructors(Class.java:2671)
	at java.lang.Class.getDeclaredConstructors(Class.java:2020)
	at net.sf.cglib.proxy.Enhancer.generateClass(Enhancer.java:447)
	at net.sf.cglib.core.DefaultGeneratorStrategy.generate(DefaultGeneratorStrategy.java:25)
	at net.sf.cglib.core.AbstractClassGenerator.create(AbstractClassGenerator.java:216)
	at net.sf.cglib.proxy.Enhancer.createHelper(Enhancer.java:377)
	at net.sf.cglib.proxy.Enhancer.create(Enhancer.java:285)
	at net.sf.cglib.proxy.Enhancer.create(Enhancer.java:660)
	at org.jmock.cglib.CGLIBCoreMock.&lt;init&gt;(Unknown Source)
	at org.jmock.cglib.CGLIBCoreMock.&lt;init&gt;(Unknown Source)
	at org.jmock.cglib.MockObjectTestCase.newCoreMock(Unknown Source)
	at org.jmock.MockObjectTestCase.mock(Unknown Source)
	at org.jmock.MockObjectTestCase.mock(Unknown Source)
	at com.ibatis.jpetstore.presentation.CartBeanTest.testShouldRemoveItemFromCart(CartBeanTest.java:80)
	at org.jmock.core.VerifyingTestCase.runBare(Unknown Source)
</error>
  </testcase>
  <testcase classname="com.ibatis.jpetstore.presentation.CartBeanTest" name="testShouldAddItemToCart" time="0.0">
    <error message="Expecting a stackmap frame at branch target 11&#xa;Exception Details:&#xa;  Location:&#xa;    com/ibatis/jpetstore/service/CatalogService.&lt;init&gt;()V @4: ifnonnull&#xa;  Reason:&#xa;    Expected stackmap frame at this location.&#xa;  Bytecode:&#xa;    0x0000000: b200 5859 c700 0757 b800 6203 324d 2ab7&#xa;    0x0000010: 0001 b800 024c 2a2b 1203 b900 0402 00c0&#xa;    0x0000020: 0003 b500 052a 2b12 06b9 0004 0200 c000&#xa;    0x0000030: 06b5 0007 2a2b 1208 b900 0402 00c0 0008&#xa;    0x0000040: b500 092c 0304 54b1                    &#xa;" type="java.lang.VerifyError">java.lang.VerifyError: Expecting a stackmap frame at branch target 11
Exception Details:
  Location:
    com/ibatis/jpetstore/service/CatalogService.&lt;init&gt;()V @4: ifnonnull
  Reason:
    Expected stackmap frame at this location.
  Bytecode:
    0x0000000: b200 5859 c700 0757 b800 6203 324d 2ab7
    0x0000010: 0001 b800 024c 2a2b 1203 b900 0402 00c0
    0x0000020: 0003 b500 052a 2b12 06b9 0004 0200 c000
    0x0000030: 06b5 0007 2a2b 1208 b900 0402 00c0 0008
    0x0000040: b500 092c 0304 54b1                    

	at java.lang.Class.getDeclaredConstructors0(Native Method)
	at java.lang.Class.privateGetDeclaredConstructors(Class.java:2671)
	at java.lang.Class.getDeclaredConstructors(Class.java:2020)
	at net.sf.cglib.proxy.Enhancer.generateClass(Enhancer.java:447)
	at net.sf.cglib.core.DefaultGeneratorStrategy.generate(DefaultGeneratorStrategy.java:25)
	at net.sf.cglib.core.AbstractClassGenerator.create(AbstractClassGenerator.java:216)
	at net.sf.cglib.proxy.Enhancer.createHelper(Enhancer.java:377)
	at net.sf.cglib.proxy.Enhancer.create(Enhancer.java:285)
	at net.sf.cglib.proxy.Enhancer.create(Enhancer.java:660)
	at org.jmock.cglib.CGLIBCoreMock.&lt;init&gt;(Unknown Source)
	at org.jmock.cglib.CGLIBCoreMock.&lt;init&gt;(Unknown Source)
	at org.jmock.cglib.MockObjectTestCase.newCoreMock(Unknown Source)
	at org.jmock.MockObjectTestCase.mock(Unknown Source)
	at org.jmock.MockObjectTestCase.mock(Unknown Source)
	at com.ibatis.jpetstore.presentation.CartBeanTest.testShouldAddItemToCart(CartBeanTest.java:52)
	at org.jmock.core.VerifyingTestCase.runBare(Unknown Source)
</error>
  </testcase>
  <testcase classname="com.ibatis.jpetstore.presentation.CartBeanTest" name="testShouldClearAllCartData" time="0.0">
    <error message="Expecting a stackmap frame at branch target 11&#xa;Exception Details:&#xa;  Location:&#xa;    com/ibatis/jpetstore/service/CatalogService.&lt;init&gt;()V @4: ifnonnull&#xa;  Reason:&#xa;    Expected stackmap frame at this location.&#xa;  Bytecode:&#xa;    0x0000000: b200 5859 c700 0757 b800 6203 324d 2ab7&#xa;    0x0000010: 0001 b800 024c 2a2b 1203 b900 0402 00c0&#xa;    0x0000020: 0003 b500 052a 2b12 06b9 0004 0200 c000&#xa;    0x0000030: 06b5 0007 2a2b 1208 b900 0402 00c0 0008&#xa;    0x0000040: b500 092c 0304 54b1                    &#xa;" type="java.lang.VerifyError">java.lang.VerifyError: Expecting a stackmap frame at branch target 11
Exception Details:
  Location:
    com/ibatis/jpetstore/service/CatalogService.&lt;init&gt;()V @4: ifnonnull
  Reason:
    Expected stackmap frame at this location.
  Bytecode:
    0x0000000: b200 5859 c700 0757 b800 6203 324d 2ab7
    0x0000010: 0001 b800 024c 2a2b 1203 b900 0402 00c0
    0x0000020: 0003 b500 052a 2b12 06b9 0004 0200 c000
    0x0000030: 06b5 0007 2a2b 1208 b900 0402 00c0 0008
    0x0000040: b500 092c 0304 54b1                    

	at java.lang.Class.getDeclaredConstructors0(Native Method)
	at java.lang.Class.privateGetDeclaredConstructors(Class.java:2671)
	at java.lang.Class.getDeclaredConstructors(Class.java:2020)
	at net.sf.cglib.proxy.Enhancer.generateClass(Enhancer.java:447)
	at net.sf.cglib.core.DefaultGeneratorStrategy.generate(DefaultGeneratorStrategy.java:25)
	at net.sf.cglib.core.AbstractClassGenerator.create(AbstractClassGenerator.java:216)
	at net.sf.cglib.proxy.Enhancer.createHelper(Enhancer.java:377)
	at net.sf.cglib.proxy.Enhancer.create(Enhancer.java:285)
	at net.sf.cglib.proxy.Enhancer.create(Enhancer.java:660)
	at org.jmock.cglib.CGLIBCoreMock.&lt;init&gt;(Unknown Source)
	at org.jmock.cglib.CGLIBCoreMock.&lt;init&gt;(Unknown Source)
	at org.jmock.cglib.MockObjectTestCase.newCoreMock(Unknown Source)
	at org.jmock.MockObjectTestCase.mock(Unknown Source)
	at org.jmock.MockObjectTestCase.mock(Unknown Source)
	at com.ibatis.jpetstore.presentation.CartBeanTest.testShouldClearAllCartData(CartBeanTest.java:39)
	at org.jmock.core.VerifyingTestCase.runBare(Unknown Source)
</error>
  </testcase>
  <testcase classname="com.ibatis.jpetstore.presentation.CartBeanTest" name="testShouldUpdateCartQuantities" time="0.0">
    <error message="Expecting a stackmap frame at branch target 11&#xa;Exception Details:&#xa;  Location:&#xa;    com/ibatis/jpetstore/service/CatalogService.&lt;init&gt;()V @4: ifnonnull&#xa;  Reason:&#xa;    Expected stackmap frame at this location.&#xa;  Bytecode:&#xa;    0x0000000: b200 5859 c700 0757 b800 6203 324d 2ab7&#xa;    0x0000010: 0001 b800 024c 2a2b 1203 b900 0402 00c0&#xa;    0x0000020: 0003 b500 052a 2b12 06b9 0004 0200 c000&#xa;    0x0000030: 06b5 0007 2a2b 1208 b900 0402 00c0 0008&#xa;    0x0000040: b500 092c 0304 54b1                    &#xa;" type="java.lang.VerifyError">java.lang.VerifyError: Expecting a stackmap frame at branch target 11
Exception Details:
  Location:
    com/ibatis/jpetstore/service/CatalogService.&lt;init&gt;()V @4: ifnonnull
  Reason:
    Expected stackmap frame at this location.
  Bytecode:
    0x0000000: b200 5859 c700 0757 b800 6203 324d 2ab7
    0x0000010: 0001 b800 024c 2a2b 1203 b900 0402 00c0
    0x0000020: 0003 b500 052a 2b12 06b9 0004 0200 c000
    0x0000030: 06b5 0007 2a2b 1208 b900 0402 00c0 0008
    0x0000040: b500 092c 0304 54b1                    

	at java.lang.Class.getDeclaredConstructors0(Native Method)
	at java.lang.Class.privateGetDeclaredConstructors(Class.java:2671)
	at java.lang.Class.getDeclaredConstructors(Class.java:2020)
	at net.sf.cglib.proxy.Enhancer.generateClass(Enhancer.java:447)
	at net.sf.cglib.core.DefaultGeneratorStrategy.generate(DefaultGeneratorStrategy.java:25)
	at net.sf.cglib.core.AbstractClassGenerator.create(AbstractClassGenerator.java:216)
	at net.sf.cglib.proxy.Enhancer.createHelper(Enhancer.java:377)
	at net.sf.cglib.proxy.Enhancer.create(Enhancer.java:285)
	at net.sf.cglib.proxy.Enhancer.create(Enhancer.java:660)
	at org.jmock.cglib.CGLIBCoreMock.&lt;init&gt;(Unknown Source)
	at org.jmock.cglib.CGLIBCoreMock.&lt;init&gt;(Unknown Source)
	at org.jmock.cglib.MockObjectTestCase.newCoreMock(Unknown Source)
	at org.jmock.MockObjectTestCase.mock(Unknown Source)
	at org.jmock.MockObjectTestCase.mock(Unknown Source)
	at com.ibatis.jpetstore.presentation.CartBeanTest.testShouldUpdateCartQuantities(CartBeanTest.java:98)
	at org.jmock.core.VerifyingTestCase.runBare(Unknown Source)
</error>
  </testcase>
  <testcase classname="com.ibatis.jpetstore.presentation.CartBeanTest" name="testShouldFailToRemoveItemFromCart" time="0.0">
    <error message="Expecting a stackmap frame at branch target 11&#xa;Exception Details:&#xa;  Location:&#xa;    com/ibatis/jpetstore/service/CatalogService.&lt;init&gt;()V @4: ifnonnull&#xa;  Reason:&#xa;    Expected stackmap frame at this location.&#xa;  Bytecode:&#xa;    0x0000000: b200 5859 c700 0757 b800 6203 324d 2ab7&#xa;    0x0000010: 0001 b800 024c 2a2b 1203 b900 0402 00c0&#xa;    0x0000020: 0003 b500 052a 2b12 06b9 0004 0200 c000&#xa;    0x0000030: 06b5 0007 2a2b 1208 b900 0402 00c0 0008&#xa;    0x0000040: b500 092c 0304 54b1                    &#xa;" type="java.lang.VerifyError">java.lang.VerifyError: Expecting a stackmap frame at branch target 11
Exception Details:
  Location:
    com/ibatis/jpetstore/service/CatalogService.&lt;init&gt;()V @4: ifnonnull
  Reason:
    Expected stackmap frame at this location.
  Bytecode:
    0x0000000: b200 5859 c700 0757 b800 6203 324d 2ab7
    0x0000010: 0001 b800 024c 2a2b 1203 b900 0402 00c0
    0x0000020: 0003 b500 052a 2b12 06b9 0004 0200 c000
    0x0000030: 06b5 0007 2a2b 1208 b900 0402 00c0 0008
    0x0000040: b500 092c 0304 54b1                    

	at java.lang.Class.getDeclaredConstructors0(Native Method)
	at java.lang.Class.privateGetDeclaredConstructors(Class.java:2671)
	at java.lang.Class.getDeclaredConstructors(Class.java:2020)
	at net.sf.cglib.proxy.Enhancer.generateClass(Enhancer.java:447)
	at net.sf.cglib.core.DefaultGeneratorStrategy.generate(DefaultGeneratorStrategy.java:25)
	at net.sf.cglib.core.AbstractClassGenerator.create(AbstractClassGenerator.java:216)
	at net.sf.cglib.proxy.Enhancer.createHelper(Enhancer.java:377)
	at net.sf.cglib.proxy.Enhancer.create(Enhancer.java:285)
	at net.sf.cglib.proxy.Enhancer.create(Enhancer.java:660)
	at org.jmock.cglib.CGLIBCoreMock.&lt;init&gt;(Unknown Source)
	at org.jmock.cglib.CGLIBCoreMock.&lt;init&gt;(Unknown Source)
	at org.jmock.cglib.MockObjectTestCase.newCoreMock(Unknown Source)
	at org.jmock.MockObjectTestCase.mock(Unknown Source)
	at org.jmock.MockObjectTestCase.mock(Unknown Source)
	at com.ibatis.jpetstore.presentation.CartBeanTest.testShouldFailToRemoveItemFromCart(CartBeanTest.java:73)
	at org.jmock.core.VerifyingTestCase.runBare(Unknown Source)
</error>
  </testcase>
  <testcase classname="com.ibatis.jpetstore.presentation.CartBeanTest" name="testShouldSuccessfullyReturnFromViewCart" time="0.017">
    <error message="Expecting a stackmap frame at branch target 11&#xa;Exception Details:&#xa;  Location:&#xa;    com/ibatis/jpetstore/service/CatalogService.&lt;init&gt;()V @4: ifnonnull&#xa;  Reason:&#xa;    Expected stackmap frame at this location.&#xa;  Bytecode:&#xa;    0x0000000: b200 5859 c700 0757 b800 6203 324d 2ab7&#xa;    0x0000010: 0001 b800 024c 2a2b 1203 b900 0402 00c0&#xa;    0x0000020: 0003 b500 052a 2b12 06b9 0004 0200 c000&#xa;    0x0000030: 06b5 0007 2a2b 1208 b900 0402 00c0 0008&#xa;    0x0000040: b500 092c 0304 54b1                    &#xa;" type="java.lang.VerifyError">java.lang.VerifyError: Expecting a stackmap frame at branch target 11
Exception Details:
  Location:
    com/ibatis/jpetstore/service/CatalogService.&lt;init&gt;()V @4: ifnonnull
  Reason:
    Expected stackmap frame at this location.
  Bytecode:
    0x0000000: b200 5859 c700 0757 b800 6203 324d 2ab7
    0x0000010: 0001 b800 024c 2a2b 1203 b900 0402 00c0
    0x0000020: 0003 b500 052a 2b12 06b9 0004 0200 c000
    0x0000030: 06b5 0007 2a2b 1208 b900 0402 00c0 0008
    0x0000040: b500 092c 0304 54b1                    

	at java.lang.Class.getDeclaredConstructors0(Native Method)
	at java.lang.Class.privateGetDeclaredConstructors(Class.java:2671)
	at java.lang.Class.getDeclaredConstructors(Class.java:2020)
	at net.sf.cglib.proxy.Enhancer.generateClass(Enhancer.java:447)
	at net.sf.cglib.core.DefaultGeneratorStrategy.generate(DefaultGeneratorStrategy.java:25)
	at net.sf.cglib.core.AbstractClassGenerator.create(AbstractClassGenerator.java:216)
	at net.sf.cglib.proxy.Enhancer.createHelper(Enhancer.java:377)
	at net.sf.cglib.proxy.Enhancer.create(Enhancer.java:285)
	at net.sf.cglib.proxy.Enhancer.create(Enhancer.java:660)
	at org.jmock.cglib.CGLIBCoreMock.&lt;init&gt;(Unknown Source)
	at org.jmock.cglib.CGLIBCoreMock.&lt;init&gt;(Unknown Source)
	at org.jmock.cglib.MockObjectTestCase.newCoreMock(Unknown Source)
	at org.jmock.MockObjectTestCase.mock(Unknown Source)
	at org.jmock.MockObjectTestCase.mock(Unknown Source)
	at com.ibatis.jpetstore.presentation.CartBeanTest.testShouldSuccessfullyReturnFromViewCart(CartBeanTest.java:14)
	at org.jmock.core.VerifyingTestCase.runBare(Unknown Source)
</error>
  </testcase>
  <testcase classname="com.ibatis.jpetstore.presentation.CartBeanTest" name="testShouldSwitchPagesBackAndForth" time="0.001">
    <error message="Expecting a stackmap frame at branch target 11&#xa;Exception Details:&#xa;  Location:&#xa;    com/ibatis/jpetstore/service/CatalogService.&lt;init&gt;()V @4: ifnonnull&#xa;  Reason:&#xa;    Expected stackmap frame at this location.&#xa;  Bytecode:&#xa;    0x0000000: b200 5859 c700 0757 b800 6203 324d 2ab7&#xa;    0x0000010: 0001 b800 024c 2a2b 1203 b900 0402 00c0&#xa;    0x0000020: 0003 b500 052a 2b12 06b9 0004 0200 c000&#xa;    0x0000030: 06b5 0007 2a2b 1208 b900 0402 00c0 0008&#xa;    0x0000040: b500 092c 0304 54b1                    &#xa;" type="java.lang.VerifyError">java.lang.VerifyError: Expecting a stackmap frame at branch target 11
Exception Details:
  Location:
    com/ibatis/jpetstore/service/CatalogService.&lt;init&gt;()V @4: ifnonnull
  Reason:
    Expected stackmap frame at this location.
  Bytecode:
    0x0000000: b200 5859 c700 0757 b800 6203 324d 2ab7
    0x0000010: 0001 b800 024c 2a2b 1203 b900 0402 00c0
    0x0000020: 0003 b500 052a 2b12 06b9 0004 0200 c000
    0x0000030: 06b5 0007 2a2b 1208 b900 0402 00c0 0008
    0x0000040: b500 092c 0304 54b1                    

	at java.lang.Class.getDeclaredConstructors0(Native Method)
	at java.lang.Class.privateGetDeclaredConstructors(Class.java:2671)
	at java.lang.Class.getDeclaredConstructors(Class.java:2020)
	at net.sf.cglib.proxy.Enhancer.generateClass(Enhancer.java:447)
	at net.sf.cglib.core.DefaultGeneratorStrategy.generate(DefaultGeneratorStrategy.java:25)
	at net.sf.cglib.core.AbstractClassGenerator.create(AbstractClassGenerator.java:216)
	at net.sf.cglib.proxy.Enhancer.createHelper(Enhancer.java:377)
	at net.sf.cglib.proxy.Enhancer.create(Enhancer.java:285)
	at net.sf.cglib.proxy.Enhancer.create(Enhancer.java:660)
	at org.jmock.cglib.CGLIBCoreMock.&lt;init&gt;(Unknown Source)
	at org.jmock.cglib.CGLIBCoreMock.&lt;init&gt;(Unknown Source)
	at org.jmock.cglib.MockObjectTestCase.newCoreMock(Unknown Source)
	at org.jmock.MockObjectTestCase.mock(Unknown Source)
	at org.jmock.MockObjectTestCase.mock(Unknown Source)
	at com.ibatis.jpetstore.presentation.CartBeanTest.testShouldSwitchPagesBackAndForth(CartBeanTest.java:20)
	at org.jmock.core.VerifyingTestCase.runBare(Unknown Source)
</error>
  </testcase>
  <system-out><![CDATA[]]></system-out>
  <system-err><![CDATA[]]></system-err>
</testsuite>
